12:42:58,213 (main) INFO  [DataNucleus.Enhancer] - DataNucleus Enhancer for API "JDO"
12:42:58,466 (main) INFO  [DataNucleus.Enhancer] - DataNucleus Enhancer (version 3.1.1) : Enhancement of classes
12:42:58,740 (main) INFO  [DataNucleus.Enhancer] - Writing class file "/home/jalal/workspace/SquawkProject/Squawk-AppEngine/target/Squawk-AppEngine-1.0/WEB-INF/classes/com/jalbasri/squawk/MessageData.class" with enhanced definition
12:42:58,748 (main) INFO  [DataNucleus.Enhancer] - Writing class file "/home/jalal/workspace/SquawkProject/Squawk-AppEngine/target/Squawk-AppEngine-1.0/WEB-INF/classes/com/jalbasri/squawk/DeviceInfo.class" with enhanced definition
12:42:58,748 (main) INFO  [DataNucleus.Enhancer] - DataNucleus Enhancer completed with success for 2 classes. Timings : input=217 ms, enhance=63 ms, total=280 ms. Consult the log for full details
13:01:43,483 (main) INFO  [DataNucleus.Enhancer] - DataNucleus Enhancer for API "JDO"
13:01:43,713 (main) INFO  [DataNucleus.Enhancer] - DataNucleus Enhancer (version 3.1.1) : Enhancement of classes
13:01:43,998 (main) INFO  [DataNucleus.Enhancer] - Writing class file "/home/jalal/workspace/SquawkProject/Squawk-AppEngine/target/Squawk-AppEngine-1.0/WEB-INF/classes/com/jalbasri/squawk/MessageData.class" with enhanced definition
13:01:44,007 (main) INFO  [DataNucleus.Enhancer] - Writing class file "/home/jalal/workspace/SquawkProject/Squawk-AppEngine/target/Squawk-AppEngine-1.0/WEB-INF/classes/com/jalbasri/squawk/DeviceInfo.class" with enhanced definition
13:01:44,008 (main) INFO  [DataNucleus.Enhancer] - DataNucleus Enhancer completed with success for 2 classes. Timings : input=234 ms, enhance=58 ms, total=292 ms. Consult the log for full details
13:02:01,269 (main) INFO  [DataNucleus.Enhancer] - DataNucleus Enhancer for API "JDO"
13:02:01,502 (main) INFO  [DataNucleus.Enhancer] - DataNucleus Enhancer (version 3.1.1) : Enhancement of classes
13:02:01,758 (main) INFO  [DataNucleus.Enhancer] - Class "com.jalbasri.squawk.MessageData" is already enhanced.
13:02:01,760 (main) INFO  [DataNucleus.Enhancer] - Class "com.jalbasri.squawk.DeviceInfo" is already enhanced.
13:02:01,761 (main) INFO  [DataNucleus.Enhancer] - DataNucleus Enhancer completed with success for 2 classes. Timings : input=228 ms, enhance=28 ms, total=256 ms. Consult the log for full details
14:31:15,101 (main) INFO  [DataNucleus.Enhancer] - DataNucleus Enhancer for API "JDO"
14:31:15,334 (main) INFO  [DataNucleus.Enhancer] - DataNucleus Enhancer (version 3.1.1) : Enhancement of classes
14:31:15,585 (main) INFO  [DataNucleus.Enhancer] - Class "com.jalbasri.squawk.MessageData" is already enhanced.
14:31:15,588 (main) INFO  [DataNucleus.Enhancer] - Class "com.jalbasri.squawk.DeviceInfo" is already enhanced.
14:31:15,588 (main) INFO  [DataNucleus.Enhancer] - DataNucleus Enhancer completed with success for 2 classes. Timings : input=225 ms, enhance=28 ms, total=253 ms. Consult the log for full details
14:34:23,520 (main) INFO  [DataNucleus.Enhancer] - DataNucleus Enhancer for API "JDO"
14:34:23,747 (main) INFO  [DataNucleus.Enhancer] - DataNucleus Enhancer (version 3.1.1) : Enhancement of classes
14:34:24,000 (main) INFO  [DataNucleus.Enhancer] - Class "com.jalbasri.squawk.MessageData" is already enhanced.
14:34:24,003 (main) INFO  [DataNucleus.Enhancer] - Class "com.jalbasri.squawk.DeviceInfo" is already enhanced.
14:34:24,003 (main) INFO  [DataNucleus.Enhancer] - DataNucleus Enhancer completed with success for 2 classes. Timings : input=227 ms, enhance=28 ms, total=255 ms. Consult the log for full details
14:40:29,396 (main) INFO  [DataNucleus.Enhancer] - DataNucleus Enhancer for API "JDO"
14:40:29,625 (main) INFO  [DataNucleus.Enhancer] - DataNucleus Enhancer (version 3.1.1) : Enhancement of classes
14:40:29,876 (main) INFO  [DataNucleus.Enhancer] - Class "com.jalbasri.squawk.MessageData" is already enhanced.
14:40:29,879 (main) INFO  [DataNucleus.Enhancer] - Class "com.jalbasri.squawk.DeviceInfo" is already enhanced.
14:40:29,879 (main) INFO  [DataNucleus.Enhancer] - DataNucleus Enhancer completed with success for 2 classes. Timings : input=224 ms, enhance=28 ms, total=252 ms. Consult the log for full details
14:41:19,718 (main) INFO  [DataNucleus.Enhancer] - DataNucleus Enhancer for API "JDO"
14:41:19,958 (main) INFO  [DataNucleus.Enhancer] - DataNucleus Enhancer (version 3.1.1) : Enhancement of classes
14:41:20,221 (main) INFO  [DataNucleus.Enhancer] - Class "com.jalbasri.squawk.MessageData" is already enhanced.
14:41:20,223 (main) INFO  [DataNucleus.Enhancer] - Class "com.jalbasri.squawk.DeviceInfo" is already enhanced.
14:41:20,224 (main) INFO  [DataNucleus.Enhancer] - DataNucleus Enhancer completed with success for 2 classes. Timings : input=236 ms, enhance=27 ms, total=263 ms. Consult the log for full details
14:52:27,636 (main) INFO  [DataNucleus.Enhancer] - DataNucleus Enhancer for API "JDO"
14:52:27,863 (main) INFO  [DataNucleus.Enhancer] - DataNucleus Enhancer (version 3.1.1) : Enhancement of classes
14:52:28,114 (main) INFO  [DataNucleus.Enhancer] - Class "com.jalbasri.squawk.MessageData" is already enhanced.
14:52:28,117 (main) INFO  [DataNucleus.Enhancer] - Class "com.jalbasri.squawk.DeviceInfo" is already enhanced.
14:52:28,117 (main) INFO  [DataNucleus.Enhancer] - DataNucleus Enhancer completed with success for 2 classes. Timings : input=225 ms, enhance=28 ms, total=253 ms. Consult the log for full details
14:55:22,214 (main) INFO  [DataNucleus.Enhancer] - DataNucleus Enhancer for API "JDO"
14:55:22,443 (main) INFO  [DataNucleus.Enhancer] - DataNucleus Enhancer (version 3.1.1) : Enhancement of classes
14:55:22,707 (main) INFO  [DataNucleus.Enhancer] - Class "com.jalbasri.squawk.MessageData" is already enhanced.
14:55:22,709 (main) INFO  [DataNucleus.Enhancer] - Class "com.jalbasri.squawk.DeviceInfo" is already enhanced.
14:55:22,710 (main) INFO  [DataNucleus.Enhancer] - DataNucleus Enhancer completed with success for 2 classes. Timings : input=236 ms, enhance=29 ms, total=265 ms. Consult the log for full details
15:00:57,459 (main) INFO  [DataNucleus.Enhancer] - DataNucleus Enhancer for API "JDO"
15:00:57,698 (main) INFO  [DataNucleus.Enhancer] - DataNucleus Enhancer (version 3.1.1) : Enhancement of classes
15:00:57,956 (main) INFO  [DataNucleus.Enhancer] - Class "com.jalbasri.squawk.MessageData" is already enhanced.
15:00:57,958 (main) INFO  [DataNucleus.Enhancer] - Class "com.jalbasri.squawk.DeviceInfo" is already enhanced.
15:00:57,959 (main) INFO  [DataNucleus.Enhancer] - DataNucleus Enhancer completed with success for 2 classes. Timings : input=230 ms, enhance=30 ms, total=260 ms. Consult the log for full details
15:54:41,420 (main) INFO  [DataNucleus.Enhancer] - DataNucleus Enhancer for API "JDO"
15:54:41,659 (main) INFO  [DataNucleus.Enhancer] - DataNucleus Enhancer (version 3.1.1) : Enhancement of classes
15:54:41,959 (main) INFO  [DataNucleus.Enhancer] - Class "com.jalbasri.squawk.MessageData" is already enhanced.
15:54:41,961 (main) INFO  [DataNucleus.Enhancer] - Class "com.jalbasri.squawk.DeviceInfo" is already enhanced.
15:54:41,962 (main) INFO  [DataNucleus.Enhancer] - DataNucleus Enhancer completed with success for 2 classes. Timings : input=273 ms, enhance=28 ms, total=301 ms. Consult the log for full details
